<?xml version="1.0" encoding="UTF-8" ?>
<testsuite failures="0" time="0.016" errors="0" skipped="0" tests="8" name="com.liubing.javassist.proxy.test.BoxedProxyFactoryCalledByWrapperTestCase">
  <properties>
[...]
</properties>
  <testcase time="0" classname="com.liubing.javassist.proxy.test.BoxedProxyFactoryCalledByWrapperTestCase" name="testCharMethod"/>
  <testcase time="0" classname="com.liubing.javassist.proxy.test.BoxedProxyFactoryCalledByWrapperTestCase" name="testByteMethod"/>
  <testcase time="0" classname="com.liubing.javassist.proxy.test.BoxedProxyFactoryCalledByWrapperTestCase" name="testBooleanMethod"/>
  <testcase time="0" classname="com.liubing.javassist.proxy.test.BoxedProxyFactoryCalledByWrapperTestCase" name="testDoubleMethod"/>
  <testcase time="0" classname="com.liubing.javassist.proxy.test.BoxedProxyFactoryCalledByWrapperTestCase" name="testFloatMethod"/>
  <testcase time="0" classname="com.liubing.javassist.proxy.test.BoxedProxyFactoryCalledByWrapperTestCase" name="testIntMethod"/>
  <testcase time="0" classname="com.liubing.javassist.proxy.test.BoxedProxyFactoryCalledByWrapperTestCase" name="testLongMethod"/>
  <testcase time="0" classname="com.liubing.javassist.proxy.test.BoxedProxyFactoryCalledByWrapperTestCase" name="testShortMethod"/>
</testsuite>